[debug] ----------------------------------------------------------------------
[debug] Command:      /home/iamfeek/.nvm/versions/node/v6.9.0/bin/node /home/iamfeek/.nvm/versions/node/v6.9.0/bin/firebase deploy
[debug] CLI Version:  3.9.0
[debug] Platform:     linux
[debug] Node Version: v6.9.0
[debug] Time:         Fri May 26 2017 15:55:05 GMT+0800 (SGT)
[debug] ----------------------------------------------------------------------
[debug] 
[debug] > command requires scopes: ["email","openid","https://www.googleapis.com/auth/cloudplatformprojects.readonly","https://www.googleapis.com/auth/firebase","https://www.googleapis.com/auth/cloud-platform"]
[debug] > refreshing access token with scopes: ["email","https://www.googleapis.com/auth/cloud-platform","https://www.googleapis.com/auth/cloudplatformprojects.readonly","https://www.googleapis.com/auth/firebase","openid"]
[debug] >>> HTTP REQUEST POST https://www.googleapis.com/oauth2/v3/token { refresh_token: '1/s0hs_GQJmzPwH3q0hIc5_0Wec58G4B-N3N3JOjKwPy4',
  client_id: '563584335869-fgrhgmd47bqnekij5i8b5pr03ho849e6.apps.googleusercontent.com',
  client_secret: 'j9iVZfS8kkCEFUPaAeJV0sAi',
  grant_type: 'refresh_token',
  scope: 'email https://www.googleapis.com/auth/cloud-platform https://www.googleapis.com/auth/cloudplatformprojects.readonly https://www.googleapis.com/auth/firebase openid' } 
 Fri May 26 2017 15:55:05 GMT+0800 (SGT)
[debug] <<< HTTP RESPONSE 200
[debug] >>> HTTP REQUEST GET https://admin.firebase.com/v1/projects/terawhere  
 Fri May 26 2017 15:55:05 GMT+0800 (SGT)
[debug] <<< HTTP RESPONSE 200
[debug] >>> HTTP REQUEST GET https://admin.firebase.com/v1/database/terawhere/tokens  
 Fri May 26 2017 15:55:07 GMT+0800 (SGT)
[debug] <<< HTTP RESPONSE 200
[info] 
[info] === Deploying to 'terawhere'...
[info] 
[debug] TypeError: targetNames.join is not a function
    at deploy (/home/iamfeek/.nvm/versions/node/v6.9.0/lib/node_modules/firebase-tools/lib/deploy/index.js:68:57)
    at Command._action (/home/iamfeek/.nvm/versions/node/v6.9.0/lib/node_modules/firebase-tools/commands/deploy.js:47:12)
    at /home/iamfeek/.nvm/versions/node/v6.9.0/lib/node_modules/firebase-tools/lib/command.js:176:29
    at tryCatch (/home/iamfeek/.nvm/versions/node/v6.9.0/lib/node_modules/firebase-tools/node_modules/rsvp/dist/rsvp.js:539:12)
    at invokeCallback (/home/iamfeek/.nvm/versions/node/v6.9.0/lib/node_modules/firebase-tools/node_modules/rsvp/dist/rsvp.js:554:13)
    at publish (/home/iamfeek/.nvm/versions/node/v6.9.0/lib/node_modules/firebase-tools/node_modules/rsvp/dist/rsvp.js:522:7)
    at flush (/home/iamfeek/.nvm/versions/node/v6.9.0/lib/node_modules/firebase-tools/node_modules/rsvp/dist/rsvp.js:2414:5)
    at _combinedTickCallback (internal/process/next_tick.js:67:7)
    at process._tickCallback (internal/process/next_tick.js:98:9)
[error] 
[error] Error: An unexpected error has occurred.
